<?xml version="1.0" encoding="UTF-8" ?>
<testsuite failures="0" time="0.121" errors="0" skipped="0" tests="26" name="ohtu.ohtuvarasto.VarastoTest">
  <properties>
[...]
</properties>
  <testcase time="0.002" classname="ohtu.ohtuvarasto.VarastoTest" name="uudellaAlleNollanVarastollaJaAlkusaldollaOikeaTilavuus"/>
  <testcase time="0.001" classname="ohtu.ohtuvarasto.VarastoTest" name="konstruktoriLuoTyhjanVaraston"/>
  <testcase time="0" classname="ohtu.ohtuvarasto.VarastoTest" name="uudellaVarastollaOikeaTilavuus"/>
  <testcase time="0" classname="ohtu.ohtuvarasto.VarastoTest" name="uudellaAlleNollanVarastollaOikeaTilavuus"/>
  <testcase time="0.001" classname="ohtu.ohtuvarasto.VarastoTest" name="uudellaPienellaVarastollaOikeaTilavuus"/>
  <testcase time="0" classname="ohtu.ohtuvarasto.VarastoTest" name="alkusaldoOikeinKunSaldoPienempiKuinVarastonKoko"/>
  <testcase time="0" classname="ohtu.ohtuvarasto.VarastoTest" name="alkusaldoOikeinKunSaldoIsompiKuinVarastonKoko"/>
  <testcase time="0" classname="ohtu.ohtuvarasto.VarastoTest" name="alkusaldoNollaKunParametriNegatiivinen"/>
  <testcase time="0" classname="ohtu.ohtuvarasto.VarastoTest" name="lisaysLisaaSaldoa"/>
  <testcase time="0" classname="ohtu.ohtuvarasto.VarastoTest" name="lisaysLisaaPienentaaVapaataTilaa"/>
  <testcase time="0" classname="ohtu.ohtuvarasto.VarastoTest" name="ottaminenPalauttaaOikeanMaaran"/>
  <testcase time="0" classname="ohtu.ohtuvarasto.VarastoTest" name="ottaminenLisääTilaa"/>
  <testcase time="0" classname="ohtu.ohtuvarasto.VarastoTest" name="konstr"/>
  <testcase time="0" classname="ohtu.ohtuvarasto.VarastoTest" name="lisaaTyhjaanVarastoonAlleNolla"/>
  <testcase time="0" classname="ohtu.ohtuvarasto.VarastoTest" name="lisaaTyhjaanVarastoonNolla"/>
  <testcase time="0.001" classname="ohtu.ohtuvarasto.VarastoTest" name="lisaaTyhjaanVarastoonKaksiJaKolme"/>
  <testcase time="0" classname="ohtu.ohtuvarasto.VarastoTest" name="lisaaTyhjaanVarastoonViisiJaViisi"/>
  <testcase time="0" classname="ohtu.ohtuvarasto.VarastoTest" name="lisaaTyhjaanVarastoonKuusiJaViisi"/>
  <testcase time="0.001" classname="ohtu.ohtuvarasto.VarastoTest" name="lisaaTyhjaanVarastoonKuusiJaOtaAlleNollaPalauttaaNolla"/>
  <testcase time="0" classname="ohtu.ohtuvarasto.VarastoTest" name="lisaaTyhjaanVarastoonKuusiJaOtaAlleNollaEiMuutaVarastosaldoa"/>
  <testcase time="0" classname="ohtu.ohtuvarasto.VarastoTest" name="lisaaTyhjaanVarastoonNeljaJaOtaNollaPalauttaaNolla"/>
  <testcase time="0.001" classname="ohtu.ohtuvarasto.VarastoTest" name="lisaaTyhjaanVarastoonViisiJaOtaNollaEiMuutaSaldoa"/>
  <testcase time="0" classname="ohtu.ohtuvarasto.VarastoTest" name="lisaaTyhjaanVarastoonKuusiJaOtaViisiPalauttaaViisi"/>
  <testcase time="0" classname="ohtu.ohtuvarasto.VarastoTest" name="lisaaTyhjaanVarastoonKuusiJaOtaViisiJaSaldoOnYksi"/>
  <testcase time="0" classname="ohtu.ohtuvarasto.VarastoTest" name="lisaaTyhjaanVarastoonKolmeJaOtaViisiPalauttaaKolme"/>
  <testcase time="0" classname="ohtu.ohtuvarasto.VarastoTest" name="lisaaTyhjaanVarastoonKolmeJaOtaViisiJaSaldoOnNolla"/>
</testsuite>